<?xml version="1.0" encoding="UTF-8"?>
<!-- Generated by org.testng.reporters.JUnitReportReporter -->
<testsuite hostname="PL2INPUN0687NB" failures="0" tests="1" name="testngprograms.FirstTest" time="4.189" errors="0" timestamp="2025-07-08T20:16:06 IST" skipped="0">
  <testcase classname="testngprograms.FirstTest" name="first" time="4.189"/>
</testsuite> <!-- testngprograms.FirstTest -->
