<?xml version="1.0" encoding="UTF-8"?>
<!-- Generated by org.testng.reporters.JUnitReportReporter -->
<testsuite hostname="PL2INPUN0687NB" failures="0" tests="2" name="Testngdemo.NewTest" time="5.710" errors="0" timestamp="2025-07-08T19:52:19 IST" skipped="0">
  <testcase classname="Testngdemo.NewTest" name="f" time="3.369"/>
  <testcase classname="Testngdemo.NewTest" name="s" time="2.341"/>
</testsuite> <!-- Testngdemo.NewTest -->
